DEB [20181005-19:12:48.554] thr=7   paramiko.transport: starting thread (client mode): 0xa0d9cc0
DEB [20181005-19:12:48.554] thr=7   paramiko.transport: Local version/idstring: SSH-2.0-paramiko_2.4.1
DEB [20181005-19:12:48.564] thr=7   paramiko.transport: Remote version/idstring: SSH-2.0-OpenSSH_5.8
INF [20181005-19:12:48.564] thr=7   paramiko.transport: Connected (version 2.0, client OpenSSH_5.8)
DEB [20181005-19:12:48.567] thr=7   paramiko.transport: kex algos:['diffie-hellman-group1-sha1', 'diffie-hellman-group14-sha1'] server key:['ssh-rsa', 'ssh-dss', 'ecdsa-sha2-nistp256'] client encrypt:['3des-cbc', 'aes128-cbc', 'aes192-cbc', 'aes256-cbc', 'aes128-ctr', 'aes192-ctr', 'aes256-ctr'] server encrypt:['3des-cbc', 'aes128-cbc', 'aes192-cbc', 'aes256-cbc', 'aes128-ctr', 'aes192-ctr', 'aes256-ctr'] client mac:['hmac-sha1', 'hmac-sha1-96'] server mac:['hmac-sha1', 'hmac-sha1-96'] client compress:['none', 'zlib@openssh.com'] server compress:['none', 'zlib@openssh.com'] client lang:[''] server lang:[''] kex follows?False
DEB [20181005-19:12:48.567] thr=7   paramiko.transport: Kex agreed: diffie-hellman-group14-sha1
DEB [20181005-19:12:48.568] thr=7   paramiko.transport: HostKey agreed: ecdsa-sha2-nistp256
DEB [20181005-19:12:48.568] thr=7   paramiko.transport: Cipher agreed: aes128-ctr
DEB [20181005-19:12:48.568] thr=7   paramiko.transport: MAC agreed: hmac-sha1
DEB [20181005-19:12:48.568] thr=7   paramiko.transport: Compression agreed: none
DEB [20181005-19:12:48.637] thr=7   paramiko.transport: kex engine KexGroup14 specified hash_algo <built-in function openssl_sha1>
DEB [20181005-19:12:48.638] thr=7   paramiko.transport: Switch to new keys ...
DEB [20181005-19:12:48.674] thr=8   paramiko.transport: Adding ecdsa-sha2-nistp256 host key for 192.168.144.229: b'03331ce95759ff94b754ef94df34b13b'
DEB [20181005-19:12:48.758] thr=7   paramiko.transport: userauth is OK
INF [20181005-19:12:48.805] thr=7   paramiko.transport: Authentication (password) successful!
DEB [20181005-19:12:48.806] thr=8   paramiko.transport: [chan 0] Max packet in: 32768 bytes
DEB [20181005-19:12:48.810] thr=7   paramiko.transport: [chan 0] Max packet out: 32768 bytes
DEB [20181005-19:12:48.810] thr=7   paramiko.transport: Secsh channel 0 opened.
DEB [20181005-19:12:48.816] thr=7   paramiko.transport: [chan 0] Sesch channel 0 request ok
DEB [20181005-19:12:48.868] thr=7   paramiko.transport: [chan 0] EOF received (0)
DEB [20181005-19:12:48.870] thr=7   paramiko.transport: [chan 0] EOF sent (0)
DEB [20181005-19:12:48.871] thr=7   paramiko.transport: Dropping user packet because connection is dead.
DEB [20181005-19:12:48.872] thr=7   paramiko.transport: Dropping user packet because connection is dead.
DEB [20181005-19:12:52.825] thr=9   paramiko.transport: [chan 0] Unhandled channel request "keepalive@openssh.com"
ERR [20181005-19:12:52.828] thr=9   paramiko.transport: Socket exception: An existing connection was forcibly closed by the remote host (10054)
DEB [20181005-19:13:54.435] thr=10  paramiko.transport: starting thread (client mode): 0xa0d9c18
DEB [20181005-19:13:54.435] thr=10  paramiko.transport: Local version/idstring: SSH-2.0-paramiko_2.4.1
DEB [20181005-19:13:54.435] thr=10  paramiko.transport: Remote version/idstring: SSH-2.0-OpenSSH_5.8
INF [20181005-19:13:54.436] thr=10  paramiko.transport: Connected (version 2.0, client OpenSSH_5.8)
DEB [20181005-19:13:54.439] thr=10  paramiko.transport: kex algos:['diffie-hellman-group1-sha1', 'diffie-hellman-group14-sha1'] server key:['ssh-rsa', 'ssh-dss', 'ecdsa-sha2-nistp256'] client encrypt:['3des-cbc', 'aes128-cbc', 'aes192-cbc', 'aes256-cbc', 'aes128-ctr', 'aes192-ctr', 'aes256-ctr'] server encrypt:['3des-cbc', 'aes128-cbc', 'aes192-cbc', 'aes256-cbc', 'aes128-ctr', 'aes192-ctr', 'aes256-ctr'] client mac:['hmac-sha1', 'hmac-sha1-96'] server mac:['hmac-sha1', 'hmac-sha1-96'] client compress:['none', 'zlib@openssh.com'] server compress:['none', 'zlib@openssh.com'] client lang:[''] server lang:[''] kex follows?False
DEB [20181005-19:13:54.440] thr=10  paramiko.transport: Kex agreed: diffie-hellman-group14-sha1
DEB [20181005-19:13:54.440] thr=10  paramiko.transport: HostKey agreed: ecdsa-sha2-nistp256
DEB [20181005-19:13:54.440] thr=10  paramiko.transport: Cipher agreed: aes128-ctr
DEB [20181005-19:13:54.440] thr=10  paramiko.transport: MAC agreed: hmac-sha1
DEB [20181005-19:13:54.440] thr=10  paramiko.transport: Compression agreed: none
DEB [20181005-19:13:54.506] thr=10  paramiko.transport: kex engine KexGroup14 specified hash_algo <built-in function openssl_sha1>
DEB [20181005-19:13:54.507] thr=10  paramiko.transport: Switch to new keys ...
DEB [20181005-19:13:54.507] thr=8   paramiko.transport: Adding ecdsa-sha2-nistp256 host key for 192.168.144.229: b'03331ce95759ff94b754ef94df34b13b'
DEB [20181005-19:13:54.577] thr=10  paramiko.transport: userauth is OK
INF [20181005-19:13:54.645] thr=10  paramiko.transport: Authentication (password) successful!
DEB [20181005-19:13:54.647] thr=8   paramiko.transport: [chan 0] Max packet in: 32768 bytes
DEB [20181005-19:13:54.650] thr=10  paramiko.transport: [chan 0] Max packet out: 32768 bytes
DEB [20181005-19:13:54.650] thr=10  paramiko.transport: Secsh channel 0 opened.
DEB [20181005-19:13:54.656] thr=10  paramiko.transport: [chan 0] Sesch channel 0 request ok
DEB [20181005-19:13:54.657] thr=8   paramiko.transport: [chan 1] Max packet in: 32768 bytes
DEB [20181005-19:13:54.667] thr=10  paramiko.transport: [chan 1] Max packet out: 32768 bytes
DEB [20181005-19:13:54.668] thr=10  paramiko.transport: Secsh channel 1 opened.
DEB [20181005-19:13:54.693] thr=10  paramiko.transport: [chan 0] EOF sent (0)
DEB [20181005-19:13:54.694] thr=10  paramiko.transport: [chan 1] Sesch channel 1 request ok
DEB [20181005-19:13:54.695] thr=8   paramiko.transport: [chan 2] Max packet in: 32768 bytes
DEB [20181005-19:13:54.741] thr=10  paramiko.transport: [chan 2] Max packet out: 32768 bytes
DEB [20181005-19:13:54.741] thr=10  paramiko.transport: Secsh channel 2 opened.
DEB [20181005-19:13:54.758] thr=10  paramiko.transport: [chan 1] EOF sent (1)
DEB [20181005-19:13:54.759] thr=10  paramiko.transport: [chan 2] Sesch channel 2 request ok
DEB [20181005-19:13:54.779] thr=10  paramiko.transport: Ignoring message for dead channel 0
DEB [20181005-19:13:54.780] thr=10  paramiko.transport: Ignoring message for dead channel 0
DEB [20181005-19:13:54.794] thr=10  paramiko.transport: Ignoring message for dead channel 1
DEB [20181005-19:13:54.795] thr=10  paramiko.transport: Ignoring message for dead channel 1
DEB [20181005-19:13:54.817] thr=10  paramiko.transport: [chan 2] EOF received (2)
DEB [20181005-19:13:54.819] thr=10  paramiko.transport: [chan 2] EOF sent (2)
DEB [20181005-19:13:54.820] thr=10  paramiko.transport: Dropping user packet because connection is dead.
DEB [20181005-19:13:54.820] thr=10  paramiko.transport: Dropping user packet because connection is dead.
DEB [20181005-19:14:12.373] thr=11  paramiko.transport: starting thread (client mode): 0x8a09b70
DEB [20181005-19:14:12.374] thr=11  paramiko.transport: Local version/idstring: SSH-2.0-paramiko_2.4.1
DEB [20181005-19:14:12.375] thr=11  paramiko.transport: Remote version/idstring: SSH-2.0-OpenSSH_5.8
INF [20181005-19:14:12.375] thr=11  paramiko.transport: Connected (version 2.0, client OpenSSH_5.8)
DEB [20181005-19:14:12.376] thr=11  paramiko.transport: kex algos:['diffie-hellman-group1-sha1', 'diffie-hellman-group14-sha1'] server key:['ssh-rsa', 'ssh-dss', 'ecdsa-sha2-nistp256'] client encrypt:['3des-cbc', 'aes128-cbc', 'aes192-cbc', 'aes256-cbc', 'aes128-ctr', 'aes192-ctr', 'aes256-ctr'] server encrypt:['3des-cbc', 'aes128-cbc', 'aes192-cbc', 'aes256-cbc', 'aes128-ctr', 'aes192-ctr', 'aes256-ctr'] client mac:['hmac-sha1', 'hmac-sha1-96'] server mac:['hmac-sha1', 'hmac-sha1-96'] client compress:['none', 'zlib@openssh.com'] server compress:['none', 'zlib@openssh.com'] client lang:[''] server lang:[''] kex follows?False
DEB [20181005-19:14:12.377] thr=11  paramiko.transport: Kex agreed: diffie-hellman-group14-sha1
DEB [20181005-19:14:12.377] thr=11  paramiko.transport: HostKey agreed: ecdsa-sha2-nistp256
DEB [20181005-19:14:12.377] thr=11  paramiko.transport: Cipher agreed: aes128-ctr
DEB [20181005-19:14:12.377] thr=11  paramiko.transport: MAC agreed: hmac-sha1
DEB [20181005-19:14:12.377] thr=11  paramiko.transport: Compression agreed: none
DEB [20181005-19:14:12.522] thr=11  paramiko.transport: kex engine KexGroup14 specified hash_algo <built-in function openssl_sha1>
DEB [20181005-19:14:12.522] thr=11  paramiko.transport: Switch to new keys ...
DEB [20181005-19:14:12.523] thr=8   paramiko.transport: Adding ecdsa-sha2-nistp256 host key for 192.168.144.229: b'03331ce95759ff94b754ef94df34b13b'
DEB [20181005-19:14:12.563] thr=11  paramiko.transport: userauth is OK
INF [20181005-19:14:12.613] thr=11  paramiko.transport: Authentication (password) successful!
DEB [20181005-19:14:12.614] thr=8   paramiko.transport: [chan 0] Max packet in: 32768 bytes
DEB [20181005-19:14:12.619] thr=11  paramiko.transport: [chan 0] Max packet out: 32768 bytes
DEB [20181005-19:14:12.619] thr=11  paramiko.transport: Secsh channel 0 opened.
DEB [20181005-19:14:12.634] thr=11  paramiko.transport: [chan 0] Sesch channel 0 request ok
DEB [20181005-19:14:12.635] thr=8   paramiko.transport: [chan 1] Max packet in: 32768 bytes
DEB [20181005-19:14:12.638] thr=11  paramiko.transport: [chan 1] Max packet out: 32768 bytes
DEB [20181005-19:14:12.638] thr=11  paramiko.transport: Secsh channel 1 opened.
DEB [20181005-19:14:12.664] thr=11  paramiko.transport: [chan 0] EOF sent (0)
DEB [20181005-19:14:12.665] thr=11  paramiko.transport: [chan 1] Sesch channel 1 request ok
DEB [20181005-19:14:12.666] thr=8   paramiko.transport: [chan 2] Max packet in: 32768 bytes
DEB [20181005-19:14:12.715] thr=11  paramiko.transport: [chan 2] Max packet out: 32768 bytes
DEB [20181005-19:14:12.716] thr=11  paramiko.transport: Secsh channel 2 opened.
DEB [20181005-19:14:12.740] thr=11  paramiko.transport: [chan 1] EOF sent (1)
DEB [20181005-19:14:12.741] thr=11  paramiko.transport: [chan 2] Sesch channel 2 request ok
DEB [20181005-19:14:12.752] thr=11  paramiko.transport: Ignoring message for dead channel 0
DEB [20181005-19:14:12.753] thr=11  paramiko.transport: Ignoring message for dead channel 0
DEB [20181005-19:14:12.779] thr=11  paramiko.transport: Ignoring message for dead channel 1
DEB [20181005-19:14:12.780] thr=11  paramiko.transport: Ignoring message for dead channel 1
DEB [20181005-19:14:12.783] thr=11  paramiko.transport: [chan 2] EOF received (2)
DEB [20181005-19:14:12.826] thr=11  paramiko.transport: EOF in transport thread
DEB [20181005-19:14:23.598] thr=12  paramiko.transport: starting thread (client mode): 0x9ebf780
DEB [20181005-19:14:23.598] thr=12  paramiko.transport: Local version/idstring: SSH-2.0-paramiko_2.4.1
DEB [20181005-19:14:23.599] thr=12  paramiko.transport: Remote version/idstring: SSH-2.0-OpenSSH_5.8
INF [20181005-19:14:23.599] thr=12  paramiko.transport: Connected (version 2.0, client OpenSSH_5.8)
DEB [20181005-19:14:23.602] thr=12  paramiko.transport: kex algos:['diffie-hellman-group1-sha1', 'diffie-hellman-group14-sha1'] server key:['ssh-rsa', 'ssh-dss', 'ecdsa-sha2-nistp256'] client encrypt:['3des-cbc', 'aes128-cbc', 'aes192-cbc', 'aes256-cbc', 'aes128-ctr', 'aes192-ctr', 'aes256-ctr'] server encrypt:['3des-cbc', 'aes128-cbc', 'aes192-cbc', 'aes256-cbc', 'aes128-ctr', 'aes192-ctr', 'aes256-ctr'] client mac:['hmac-sha1', 'hmac-sha1-96'] server mac:['hmac-sha1', 'hmac-sha1-96'] client compress:['none', 'zlib@openssh.com'] server compress:['none', 'zlib@openssh.com'] client lang:[''] server lang:[''] kex follows?False
DEB [20181005-19:14:23.603] thr=12  paramiko.transport: Kex agreed: diffie-hellman-group14-sha1
DEB [20181005-19:14:23.603] thr=12  paramiko.transport: HostKey agreed: ecdsa-sha2-nistp256
DEB [20181005-19:14:23.603] thr=12  paramiko.transport: Cipher agreed: aes128-ctr
DEB [20181005-19:14:23.603] thr=12  paramiko.transport: MAC agreed: hmac-sha1
DEB [20181005-19:14:23.603] thr=12  paramiko.transport: Compression agreed: none
DEB [20181005-19:14:23.649] thr=12  paramiko.transport: kex engine KexGroup14 specified hash_algo <built-in function openssl_sha1>
DEB [20181005-19:14:23.650] thr=12  paramiko.transport: Switch to new keys ...
DEB [20181005-19:14:23.650] thr=8   paramiko.transport: Adding ecdsa-sha2-nistp256 host key for 192.168.144.229: b'03331ce95759ff94b754ef94df34b13b'
DEB [20181005-19:14:23.698] thr=12  paramiko.transport: userauth is OK
INF [20181005-19:14:23.744] thr=12  paramiko.transport: Authentication (password) successful!
DEB [20181005-19:14:23.746] thr=8   paramiko.transport: [chan 0] Max packet in: 32768 bytes
DEB [20181005-19:14:23.750] thr=12  paramiko.transport: [chan 0] Max packet out: 32768 bytes
DEB [20181005-19:14:23.751] thr=12  paramiko.transport: Secsh channel 0 opened.
DEB [20181005-19:14:23.758] thr=12  paramiko.transport: [chan 0] Sesch channel 0 request ok
DEB [20181005-19:14:23.759] thr=8   paramiko.transport: [chan 1] Max packet in: 32768 bytes
DEB [20181005-19:14:23.767] thr=12  paramiko.transport: [chan 1] Max packet out: 32768 bytes
DEB [20181005-19:14:23.767] thr=12  paramiko.transport: Secsh channel 1 opened.
DEB [20181005-19:14:23.792] thr=12  paramiko.transport: [chan 0] EOF sent (0)
DEB [20181005-19:14:23.796] thr=12  paramiko.transport: [chan 1] Sesch channel 1 request ok
DEB [20181005-19:14:23.797] thr=8   paramiko.transport: [chan 2] Max packet in: 32768 bytes
DEB [20181005-19:14:23.847] thr=12  paramiko.transport: [chan 2] Max packet out: 32768 bytes
DEB [20181005-19:14:23.847] thr=12  paramiko.transport: Secsh channel 2 opened.
DEB [20181005-19:14:23.869] thr=12  paramiko.transport: [chan 1] EOF sent (1)
DEB [20181005-19:14:23.870] thr=12  paramiko.transport: [chan 2] Sesch channel 2 request ok
DEB [20181005-19:14:23.879] thr=12  paramiko.transport: Ignoring message for dead channel 0
DEB [20181005-19:14:23.880] thr=12  paramiko.transport: Ignoring message for dead channel 0
DEB [20181005-19:14:23.937] thr=12  paramiko.transport: Ignoring message for dead channel 1
DEB [20181005-19:14:23.938] thr=12  paramiko.transport: Ignoring message for dead channel 1
DEB [20181005-19:14:23.939] thr=12  paramiko.transport: [chan 2] EOF received (2)
DEB [20181005-19:14:23.942] thr=12  paramiko.transport: [chan 2] EOF sent (2)
DEB [20181005-19:14:23.942] thr=12  paramiko.transport: Dropping user packet because connection is dead.
DEB [20181005-19:14:23.943] thr=12  paramiko.transport: Dropping user packet because connection is dead.
DEB [20181005-19:15:10.777] thr=13  paramiko.transport: starting thread (client mode): 0x9ebfa20
DEB [20181005-19:15:10.778] thr=13  paramiko.transport: Local version/idstring: SSH-2.0-paramiko_2.4.1
DEB [20181005-19:15:10.778] thr=13  paramiko.transport: Remote version/idstring: SSH-2.0-OpenSSH_5.8
INF [20181005-19:15:10.778] thr=13  paramiko.transport: Connected (version 2.0, client OpenSSH_5.8)
DEB [20181005-19:15:10.798] thr=13  paramiko.transport: kex algos:['diffie-hellman-group1-sha1', 'diffie-hellman-group14-sha1'] server key:['ssh-rsa', 'ssh-dss', 'ecdsa-sha2-nistp256'] client encrypt:['3des-cbc', 'aes128-cbc', 'aes192-cbc', 'aes256-cbc', 'aes128-ctr', 'aes192-ctr', 'aes256-ctr'] server encrypt:['3des-cbc', 'aes128-cbc', 'aes192-cbc', 'aes256-cbc', 'aes128-ctr', 'aes192-ctr', 'aes256-ctr'] client mac:['hmac-sha1', 'hmac-sha1-96'] server mac:['hmac-sha1', 'hmac-sha1-96'] client compress:['none', 'zlib@openssh.com'] server compress:['none', 'zlib@openssh.com'] client lang:[''] server lang:[''] kex follows?False
DEB [20181005-19:15:10.799] thr=13  paramiko.transport: Kex agreed: diffie-hellman-group14-sha1
DEB [20181005-19:15:10.799] thr=13  paramiko.transport: HostKey agreed: ecdsa-sha2-nistp256
DEB [20181005-19:15:10.799] thr=13  paramiko.transport: Cipher agreed: aes128-ctr
DEB [20181005-19:15:10.799] thr=13  paramiko.transport: MAC agreed: hmac-sha1
DEB [20181005-19:15:10.799] thr=13  paramiko.transport: Compression agreed: none
DEB [20181005-19:15:10.862] thr=13  paramiko.transport: kex engine KexGroup14 specified hash_algo <built-in function openssl_sha1>
DEB [20181005-19:15:10.863] thr=13  paramiko.transport: Switch to new keys ...
DEB [20181005-19:15:10.863] thr=8   paramiko.transport: Adding ecdsa-sha2-nistp256 host key for 192.168.144.229: b'03331ce95759ff94b754ef94df34b13b'
DEB [20181005-19:15:10.927] thr=13  paramiko.transport: userauth is OK
INF [20181005-19:15:10.971] thr=13  paramiko.transport: Authentication (password) successful!
DEB [20181005-19:15:10.975] thr=8   paramiko.transport: [chan 0] Max packet in: 32768 bytes
DEB [20181005-19:15:10.984] thr=13  paramiko.transport: [chan 0] Max packet out: 32768 bytes
DEB [20181005-19:15:10.984] thr=13  paramiko.transport: Secsh channel 0 opened.
DEB [20181005-19:15:10.993] thr=13  paramiko.transport: [chan 0] Sesch channel 0 request ok
DEB [20181005-19:15:10.995] thr=8   paramiko.transport: [chan 1] Max packet in: 32768 bytes
DEB [20181005-19:15:10.999] thr=13  paramiko.transport: [chan 1] Max packet out: 32768 bytes
DEB [20181005-19:15:10.999] thr=13  paramiko.transport: Secsh channel 1 opened.
DEB [20181005-19:15:11.020] thr=13  paramiko.transport: [chan 0] EOF sent (0)
DEB [20181005-19:15:11.021] thr=13  paramiko.transport: [chan 1] Sesch channel 1 request ok
DEB [20181005-19:15:11.048] thr=8   paramiko.transport: [chan 2] Max packet in: 32768 bytes
DEB [20181005-19:15:11.063] thr=13  paramiko.transport: [chan 2] Max packet out: 32768 bytes
DEB [20181005-19:15:11.064] thr=13  paramiko.transport: Secsh channel 2 opened.
DEB [20181005-19:15:11.110] thr=13  paramiko.transport: [chan 1] EOF sent (1)
DEB [20181005-19:15:11.111] thr=13  paramiko.transport: [chan 2] Sesch channel 2 request ok
DEB [20181005-19:15:11.111] thr=13  paramiko.transport: Ignoring message for dead channel 0
DEB [20181005-19:15:11.112] thr=13  paramiko.transport: Ignoring message for dead channel 0
DEB [20181005-19:15:11.141] thr=13  paramiko.transport: Ignoring message for dead channel 1
DEB [20181005-19:15:11.142] thr=13  paramiko.transport: Ignoring message for dead channel 1
DEB [20181005-19:15:11.147] thr=13  paramiko.transport: [chan 2] EOF received (2)
DEB [20181005-19:15:11.149] thr=13  paramiko.transport: EOF in transport thread
DEB [20181005-19:15:48.398] thr=14  paramiko.transport: starting thread (client mode): 0x9ebf978
DEB [20181005-19:15:48.399] thr=14  paramiko.transport: Local version/idstring: SSH-2.0-paramiko_2.4.1
DEB [20181005-19:15:48.400] thr=14  paramiko.transport: Remote version/idstring: SSH-2.0-OpenSSH_5.8
INF [20181005-19:15:48.400] thr=14  paramiko.transport: Connected (version 2.0, client OpenSSH_5.8)
DEB [20181005-19:15:48.402] thr=14  paramiko.transport: kex algos:['diffie-hellman-group1-sha1', 'diffie-hellman-group14-sha1'] server key:['ssh-rsa', 'ssh-dss', 'ecdsa-sha2-nistp256'] client encrypt:['3des-cbc', 'aes128-cbc', 'aes192-cbc', 'aes256-cbc', 'aes128-ctr', 'aes192-ctr', 'aes256-ctr'] server encrypt:['3des-cbc', 'aes128-cbc', 'aes192-cbc', 'aes256-cbc', 'aes128-ctr', 'aes192-ctr', 'aes256-ctr'] client mac:['hmac-sha1', 'hmac-sha1-96'] server mac:['hmac-sha1', 'hmac-sha1-96'] client compress:['none', 'zlib@openssh.com'] server compress:['none', 'zlib@openssh.com'] client lang:[''] server lang:[''] kex follows?False
DEB [20181005-19:15:48.402] thr=14  paramiko.transport: Kex agreed: diffie-hellman-group14-sha1
DEB [20181005-19:15:48.402] thr=14  paramiko.transport: HostKey agreed: ecdsa-sha2-nistp256
DEB [20181005-19:15:48.402] thr=14  paramiko.transport: Cipher agreed: aes128-ctr
DEB [20181005-19:15:48.403] thr=14  paramiko.transport: MAC agreed: hmac-sha1
DEB [20181005-19:15:48.403] thr=14  paramiko.transport: Compression agreed: none
DEB [20181005-19:15:48.481] thr=14  paramiko.transport: kex engine KexGroup14 specified hash_algo <built-in function openssl_sha1>
DEB [20181005-19:15:48.481] thr=14  paramiko.transport: Switch to new keys ...
DEB [20181005-19:15:48.481] thr=8   paramiko.transport: Adding ecdsa-sha2-nistp256 host key for 192.168.144.229: b'03331ce95759ff94b754ef94df34b13b'
DEB [20181005-19:15:48.522] thr=14  paramiko.transport: userauth is OK
INF [20181005-19:15:48.581] thr=14  paramiko.transport: Authentication (password) successful!
DEB [20181005-19:15:48.583] thr=8   paramiko.transport: [chan 0] Max packet in: 32768 bytes
DEB [20181005-19:15:48.587] thr=14  paramiko.transport: [chan 0] Max packet out: 32768 bytes
DEB [20181005-19:15:48.587] thr=14  paramiko.transport: Secsh channel 0 opened.
DEB [20181005-19:15:48.594] thr=14  paramiko.transport: [chan 0] Sesch channel 0 request ok
DEB [20181005-19:15:48.595] thr=8   paramiko.transport: [chan 1] Max packet in: 32768 bytes
DEB [20181005-19:15:48.603] thr=14  paramiko.transport: [chan 1] Max packet out: 32768 bytes
DEB [20181005-19:15:48.603] thr=14  paramiko.transport: Secsh channel 1 opened.
DEB [20181005-19:15:48.623] thr=14  paramiko.transport: [chan 0] EOF sent (0)
DEB [20181005-19:15:48.624] thr=14  paramiko.transport: [chan 1] Sesch channel 1 request ok
DEB [20181005-19:15:48.625] thr=8   paramiko.transport: [chan 2] Max packet in: 32768 bytes
DEB [20181005-19:15:48.669] thr=14  paramiko.transport: [chan 2] Max packet out: 32768 bytes
DEB [20181005-19:15:48.670] thr=14  paramiko.transport: Secsh channel 2 opened.
DEB [20181005-19:15:48.689] thr=14  paramiko.transport: [chan 1] EOF sent (1)
DEB [20181005-19:15:48.690] thr=14  paramiko.transport: [chan 2] Sesch channel 2 request ok
DEB [20181005-19:15:48.737] thr=14  paramiko.transport: Ignoring message for dead channel 0
DEB [20181005-19:15:48.738] thr=14  paramiko.transport: Ignoring message for dead channel 0
DEB [20181005-19:15:48.774] thr=14  paramiko.transport: Ignoring message for dead channel 1
DEB [20181005-19:15:48.775] thr=14  paramiko.transport: Ignoring message for dead channel 1
DEB [20181005-19:15:48.779] thr=14  paramiko.transport: [chan 2] EOF received (2)
DEB [20181005-19:15:48.779] thr=14  paramiko.transport: [chan 2] EOF sent (2)
DEB [20181005-19:16:18.914] thr=14  paramiko.transport: Received global request "keepalive@openssh.com"
DEB [20181005-19:16:18.915] thr=14  paramiko.transport: Rejecting "keepalive@openssh.com" global request from server.
DEB [20181005-19:16:49.102] thr=14  paramiko.transport: Received global request "keepalive@openssh.com"
DEB [20181005-19:16:49.103] thr=14  paramiko.transport: Rejecting "keepalive@openssh.com" global request from server.
DEB [20181005-19:17:19.185] thr=14  paramiko.transport: Received global request "keepalive@openssh.com"
DEB [20181005-19:17:19.186] thr=14  paramiko.transport: Rejecting "keepalive@openssh.com" global request from server.
DEB [20181005-19:17:49.267] thr=14  paramiko.transport: Received global request "keepalive@openssh.com"
DEB [20181005-19:17:49.267] thr=14  paramiko.transport: Rejecting "keepalive@openssh.com" global request from server.
DEB [20181005-19:18:19.350] thr=14  paramiko.transport: Received global request "keepalive@openssh.com"
DEB [20181005-19:18:19.350] thr=14  paramiko.transport: Rejecting "keepalive@openssh.com" global request from server.
DEB [20181005-19:18:49.432] thr=14  paramiko.transport: Received global request "keepalive@openssh.com"
DEB [20181005-19:18:49.433] thr=14  paramiko.transport: Rejecting "keepalive@openssh.com" global request from server.
DEB [20181005-19:19:19.521] thr=14  paramiko.transport: Received global request "keepalive@openssh.com"
DEB [20181005-19:19:19.521] thr=14  paramiko.transport: Rejecting "keepalive@openssh.com" global request from server.
DEB [20181005-19:19:49.598] thr=14  paramiko.transport: Received global request "keepalive@openssh.com"
DEB [20181005-19:19:49.599] thr=14  paramiko.transport: Rejecting "keepalive@openssh.com" global request from server.
DEB [20181005-19:20:19.681] thr=14  paramiko.transport: Received global request "keepalive@openssh.com"
DEB [20181005-19:20:19.681] thr=14  paramiko.transport: Rejecting "keepalive@openssh.com" global request from server.
DEB [20181005-19:20:49.766] thr=14  paramiko.transport: Received global request "keepalive@openssh.com"
DEB [20181005-19:20:49.766] thr=14  paramiko.transport: Rejecting "keepalive@openssh.com" global request from server.
ERR [20181005-19:20:49.769] thr=14  paramiko.transport: Socket exception: An existing connection was forcibly closed by the remote host (10054)
DEB [20181005-19:24:45.121] thr=15  paramiko.transport: starting thread (client mode): 0x9376748
DEB [20181005-19:24:45.122] thr=15  paramiko.transport: Local version/idstring: SSH-2.0-paramiko_2.4.1
DEB [20181005-19:24:45.171] thr=15  paramiko.transport: Remote version/idstring: SSH-2.0-OpenSSH_6.6.1p1 Ubuntu-2ubuntu2.10
INF [20181005-19:24:45.171] thr=15  paramiko.transport: Connected (version 2.0, client OpenSSH_6.6.1p1)
DEB [20181005-19:24:45.181] thr=15  paramiko.transport: kex algos:['curve25519-sha256@libssh.org', 'ecdh-sha2-nistp256', 'ecdh-sha2-nistp384', 'ecdh-sha2-nistp521', 'diffie-hellman-group-exchange-sha256', 'diffie-hellman-group-exchange-sha1', 'diffie-hellman-group14-sha1', 'diffie-hellman-group1-sha1'] server key:['ssh-rsa', 'ssh-dss', 'ecdsa-sha2-nistp256', 'ssh-ed25519'] client encrypt:['aes128-ctr', 'aes192-ctr', 'aes256-ctr', 'arcfour256', 'arcfour128', 'aes128-gcm@openssh.com', 'aes256-gcm@openssh.com', 'chacha20-poly1305@openssh.com', 'aes128-cbc', '3des-cbc', 'blowfish-cbc', 'cast128-cbc', 'aes192-cbc', 'aes256-cbc', 'arcfour', 'rijndael-cbc@lysator.liu.se'] server encrypt:['aes128-ctr', 'aes192-ctr', 'aes256-ctr', 'arcfour256', 'arcfour128', 'aes128-gcm@openssh.com', 'aes256-gcm@openssh.com', 'chacha20-poly1305@openssh.com', 'aes128-cbc', '3des-cbc', 'blowfish-cbc', 'cast128-cbc', 'aes192-cbc', 'aes256-cbc', 'arcfour', 'rijndael-cbc@lysator.liu.se'] client mac:['hmac-md5-etm@openssh.com', 'hmac-sha1-etm@openssh.com', 'umac-64-etm@openssh.com', 'umac-128-etm@openssh.com', 'hmac-sha2-256-etm@openssh.com', 'hmac-sha2-512-etm@openssh.com', 'hmac-ripemd160-etm@openssh.com', 'hmac-sha1-96-etm@openssh.com', 'hmac-md5-96-etm@openssh.com', 'hmac-md5', 'hmac-sha1', 'umac-64@openssh.com', 'umac-128@openssh.com', 'hmac-sha2-256', 'hmac-sha2-512', 'hmac-ripemd160', 'hmac-ripemd160@openssh.com', 'hmac-sha1-96', 'hmac-md5-96'] server mac:['hmac-md5-etm@openssh.com', 'hmac-sha1-etm@openssh.com', 'umac-64-etm@openssh.com', 'umac-128-etm@openssh.com', 'hmac-sha2-256-etm@openssh.com', 'hmac-sha2-512-etm@openssh.com', 'hmac-ripemd160-etm@openssh.com', 'hmac-sha1-96-etm@openssh.com', 'hmac-md5-96-etm@openssh.com', 'hmac-md5', 'hmac-sha1', 'umac-64@openssh.com', 'umac-128@openssh.com', 'hmac-sha2-256', 'hmac-sha2-512', 'hmac-ripemd160', 'hmac-ripemd160@openssh.com', 'hmac-sha1-96', 'hmac-md5-96'] client compress:['none', 'zlib@openssh.com'] server compress:['none', 'zlib@openssh.com'] client lang:[''] server lang:[''] kex follows?False
DEB [20181005-19:24:45.181] thr=15  paramiko.transport: Kex agreed: ecdh-sha2-nistp256
DEB [20181005-19:24:45.181] thr=15  paramiko.transport: HostKey agreed: ssh-ed25519
DEB [20181005-19:24:45.181] thr=15  paramiko.transport: Cipher agreed: aes128-ctr
DEB [20181005-19:24:45.181] thr=15  paramiko.transport: MAC agreed: hmac-sha2-256
DEB [20181005-19:24:45.181] thr=15  paramiko.transport: Compression agreed: none
DEB [20181005-19:24:45.198] thr=15  paramiko.transport: kex engine KexNistp256 specified hash_algo <built-in function openssl_sha256>
DEB [20181005-19:24:45.198] thr=15  paramiko.transport: Switch to new keys ...
DEB [20181005-19:24:45.199] thr=8   paramiko.transport: Adding ssh-ed25519 host key for 192.168.144.113: b'7c89f5b51410e05981c9321218411d2d'
DEB [20181005-19:24:45.240] thr=15  paramiko.transport: userauth is OK
INF [20181005-19:24:45.309] thr=15  paramiko.transport: Authentication (password) successful!
DEB [20181005-19:24:45.310] thr=8   paramiko.transport: [chan 0] Max packet in: 32768 bytes
DEB [20181005-19:24:45.934] thr=15  paramiko.transport: [chan 0] Max packet out: 32768 bytes
DEB [20181005-19:24:45.934] thr=15  paramiko.transport: Secsh channel 0 opened.
DEB [20181005-19:24:45.941] thr=15  paramiko.transport: [chan 0] Sesch channel 0 request ok
DEB [20181005-19:24:45.942] thr=8   paramiko.transport: [chan 1] Max packet in: 32768 bytes
DEB [20181005-19:24:45.945] thr=15  paramiko.transport: [chan 1] Max packet out: 32768 bytes
DEB [20181005-19:24:45.946] thr=15  paramiko.transport: Secsh channel 1 opened.
DEB [20181005-19:24:45.957] thr=15  paramiko.transport: [chan 0] EOF sent (0)
DEB [20181005-19:24:45.958] thr=15  paramiko.transport: [chan 1] Sesch channel 1 request ok
DEB [20181005-19:24:46.371] thr=15  paramiko.transport: Ignoring message for dead channel 0
DEB [20181005-19:24:46.371] thr=15  paramiko.transport: Ignoring message for dead channel 0
DEB [20181005-19:24:46.376] thr=15  paramiko.transport: [chan 1] EOF received (1)
DEB [20181005-19:24:46.381] thr=15  paramiko.transport: [chan 1] EOF sent (1)
DEB [20181005-19:25:21.857] thr=16  paramiko.transport: starting thread (client mode): 0x9497438
DEB [20181005-19:25:21.858] thr=16  paramiko.transport: Local version/idstring: SSH-2.0-paramiko_2.4.1
DEB [20181005-19:25:21.884] thr=16  paramiko.transport: Remote version/idstring: SSH-2.0-OpenSSH_6.6.1p1 Ubuntu-2ubuntu2.10
INF [20181005-19:25:21.885] thr=16  paramiko.transport: Connected (version 2.0, client OpenSSH_6.6.1p1)
DEB [20181005-19:25:21.892] thr=16  paramiko.transport: kex algos:['curve25519-sha256@libssh.org', 'ecdh-sha2-nistp256', 'ecdh-sha2-nistp384', 'ecdh-sha2-nistp521', 'diffie-hellman-group-exchange-sha256', 'diffie-hellman-group-exchange-sha1', 'diffie-hellman-group14-sha1', 'diffie-hellman-group1-sha1'] server key:['ssh-rsa', 'ssh-dss', 'ecdsa-sha2-nistp256', 'ssh-ed25519'] client encrypt:['aes128-ctr', 'aes192-ctr', 'aes256-ctr', 'arcfour256', 'arcfour128', 'aes128-gcm@openssh.com', 'aes256-gcm@openssh.com', 'chacha20-poly1305@openssh.com', 'aes128-cbc', '3des-cbc', 'blowfish-cbc', 'cast128-cbc', 'aes192-cbc', 'aes256-cbc', 'arcfour', 'rijndael-cbc@lysator.liu.se'] server encrypt:['aes128-ctr', 'aes192-ctr', 'aes256-ctr', 'arcfour256', 'arcfour128', 'aes128-gcm@openssh.com', 'aes256-gcm@openssh.com', 'chacha20-poly1305@openssh.com', 'aes128-cbc', '3des-cbc', 'blowfish-cbc', 'cast128-cbc', 'aes192-cbc', 'aes256-cbc', 'arcfour', 'rijndael-cbc@lysator.liu.se'] client mac:['hmac-md5-etm@openssh.com', 'hmac-sha1-etm@openssh.com', 'umac-64-etm@openssh.com', 'umac-128-etm@openssh.com', 'hmac-sha2-256-etm@openssh.com', 'hmac-sha2-512-etm@openssh.com', 'hmac-ripemd160-etm@openssh.com', 'hmac-sha1-96-etm@openssh.com', 'hmac-md5-96-etm@openssh.com', 'hmac-md5', 'hmac-sha1', 'umac-64@openssh.com', 'umac-128@openssh.com', 'hmac-sha2-256', 'hmac-sha2-512', 'hmac-ripemd160', 'hmac-ripemd160@openssh.com', 'hmac-sha1-96', 'hmac-md5-96'] server mac:['hmac-md5-etm@openssh.com', 'hmac-sha1-etm@openssh.com', 'umac-64-etm@openssh.com', 'umac-128-etm@openssh.com', 'hmac-sha2-256-etm@openssh.com', 'hmac-sha2-512-etm@openssh.com', 'hmac-ripemd160-etm@openssh.com', 'hmac-sha1-96-etm@openssh.com', 'hmac-md5-96-etm@openssh.com', 'hmac-md5', 'hmac-sha1', 'umac-64@openssh.com', 'umac-128@openssh.com', 'hmac-sha2-256', 'hmac-sha2-512', 'hmac-ripemd160', 'hmac-ripemd160@openssh.com', 'hmac-sha1-96', 'hmac-md5-96'] client compress:['none', 'zlib@openssh.com'] server compress:['none', 'zlib@openssh.com'] client lang:[''] server lang:[''] kex follows?False
DEB [20181005-19:25:21.892] thr=16  paramiko.transport: Kex agreed: ecdh-sha2-nistp256
DEB [20181005-19:25:21.892] thr=16  paramiko.transport: HostKey agreed: ssh-ed25519
DEB [20181005-19:25:21.893] thr=16  paramiko.transport: Cipher agreed: aes128-ctr
DEB [20181005-19:25:21.893] thr=16  paramiko.transport: MAC agreed: hmac-sha2-256
DEB [20181005-19:25:21.893] thr=16  paramiko.transport: Compression agreed: none
DEB [20181005-19:25:21.913] thr=16  paramiko.transport: kex engine KexNistp256 specified hash_algo <built-in function openssl_sha256>
DEB [20181005-19:25:21.913] thr=16  paramiko.transport: Switch to new keys ...
DEB [20181005-19:25:21.914] thr=8   paramiko.transport: Adding ssh-ed25519 host key for 192.168.144.113: b'7c89f5b51410e05981c9321218411d2d'
DEB [20181005-19:25:21.959] thr=16  paramiko.transport: userauth is OK
INF [20181005-19:25:22.022] thr=16  paramiko.transport: Authentication (password) successful!
DEB [20181005-19:25:22.024] thr=8   paramiko.transport: [chan 0] Max packet in: 32768 bytes
DEB [20181005-19:25:22.597] thr=16  paramiko.transport: [chan 0] Max packet out: 32768 bytes
DEB [20181005-19:25:22.597] thr=16  paramiko.transport: Secsh channel 0 opened.
DEB [20181005-19:25:22.603] thr=16  paramiko.transport: [chan 0] Sesch channel 0 request ok
DEB [20181005-19:25:22.604] thr=8   paramiko.transport: [chan 1] Max packet in: 32768 bytes
DEB [20181005-19:25:22.608] thr=16  paramiko.transport: [chan 1] Max packet out: 32768 bytes
DEB [20181005-19:25:22.608] thr=16  paramiko.transport: Secsh channel 1 opened.
DEB [20181005-19:25:22.620] thr=16  paramiko.transport: [chan 0] EOF sent (0)
DEB [20181005-19:25:22.621] thr=16  paramiko.transport: [chan 1] Sesch channel 1 request ok
DEB [20181005-19:25:22.638] thr=16  paramiko.transport: Ignoring message for dead channel 0
DEB [20181005-19:25:22.638] thr=16  paramiko.transport: Ignoring message for dead channel 0
DEB [20181005-19:25:22.640] thr=16  paramiko.transport: Ignoring message for dead channel 0
DEB [20181005-19:25:22.640] thr=16  paramiko.transport: Ignoring message for dead channel 0
DEB [20181005-19:25:22.645] thr=16  paramiko.transport: [chan 1] EOF received (1)
DEB [20181005-19:25:22.646] thr=16  paramiko.transport: [chan 1] EOF sent (1)
DEB [20181005-19:26:03.620] thr=17  paramiko.transport: starting thread (client mode): 0xa0d9198
DEB [20181005-19:26:03.621] thr=17  paramiko.transport: Local version/idstring: SSH-2.0-paramiko_2.4.1
DEB [20181005-19:26:03.641] thr=17  paramiko.transport: Remote version/idstring: SSH-2.0-OpenSSH_6.6.1p1 Ubuntu-2ubuntu2.10
INF [20181005-19:26:03.641] thr=17  paramiko.transport: Connected (version 2.0, client OpenSSH_6.6.1p1)
DEB [20181005-19:26:03.646] thr=17  paramiko.transport: kex algos:['curve25519-sha256@libssh.org', 'ecdh-sha2-nistp256', 'ecdh-sha2-nistp384', 'ecdh-sha2-nistp521', 'diffie-hellman-group-exchange-sha256', 'diffie-hellman-group-exchange-sha1', 'diffie-hellman-group14-sha1', 'diffie-hellman-group1-sha1'] server key:['ssh-rsa', 'ssh-dss', 'ecdsa-sha2-nistp256', 'ssh-ed25519'] client encrypt:['aes128-ctr', 'aes192-ctr', 'aes256-ctr', 'arcfour256', 'arcfour128', 'aes128-gcm@openssh.com', 'aes256-gcm@openssh.com', 'chacha20-poly1305@openssh.com', 'aes128-cbc', '3des-cbc', 'blowfish-cbc', 'cast128-cbc', 'aes192-cbc', 'aes256-cbc', 'arcfour', 'rijndael-cbc@lysator.liu.se'] server encrypt:['aes128-ctr', 'aes192-ctr', 'aes256-ctr', 'arcfour256', 'arcfour128', 'aes128-gcm@openssh.com', 'aes256-gcm@openssh.com', 'chacha20-poly1305@openssh.com', 'aes128-cbc', '3des-cbc', 'blowfish-cbc', 'cast128-cbc', 'aes192-cbc', 'aes256-cbc', 'arcfour', 'rijndael-cbc@lysator.liu.se'] client mac:['hmac-md5-etm@openssh.com', 'hmac-sha1-etm@openssh.com', 'umac-64-etm@openssh.com', 'umac-128-etm@openssh.com', 'hmac-sha2-256-etm@openssh.com', 'hmac-sha2-512-etm@openssh.com', 'hmac-ripemd160-etm@openssh.com', 'hmac-sha1-96-etm@openssh.com', 'hmac-md5-96-etm@openssh.com', 'hmac-md5', 'hmac-sha1', 'umac-64@openssh.com', 'umac-128@openssh.com', 'hmac-sha2-256', 'hmac-sha2-512', 'hmac-ripemd160', 'hmac-ripemd160@openssh.com', 'hmac-sha1-96', 'hmac-md5-96'] server mac:['hmac-md5-etm@openssh.com', 'hmac-sha1-etm@openssh.com', 'umac-64-etm@openssh.com', 'umac-128-etm@openssh.com', 'hmac-sha2-256-etm@openssh.com', 'hmac-sha2-512-etm@openssh.com', 'hmac-ripemd160-etm@openssh.com', 'hmac-sha1-96-etm@openssh.com', 'hmac-md5-96-etm@openssh.com', 'hmac-md5', 'hmac-sha1', 'umac-64@openssh.com', 'umac-128@openssh.com', 'hmac-sha2-256', 'hmac-sha2-512', 'hmac-ripemd160', 'hmac-ripemd160@openssh.com', 'hmac-sha1-96', 'hmac-md5-96'] client compress:['none', 'zlib@openssh.com'] server compress:['none', 'zlib@openssh.com'] client lang:[''] server lang:[''] kex follows?False
DEB [20181005-19:26:03.646] thr=17  paramiko.transport: Kex agreed: ecdh-sha2-nistp256
DEB [20181005-19:26:03.646] thr=17  paramiko.transport: HostKey agreed: ssh-ed25519
DEB [20181005-19:26:03.646] thr=17  paramiko.transport: Cipher agreed: aes128-ctr
DEB [20181005-19:26:03.647] thr=17  paramiko.transport: MAC agreed: hmac-sha2-256
DEB [20181005-19:26:03.647] thr=17  paramiko.transport: Compression agreed: none
DEB [20181005-19:26:03.662] thr=17  paramiko.transport: kex engine KexNistp256 specified hash_algo <built-in function openssl_sha256>
DEB [20181005-19:26:03.663] thr=17  paramiko.transport: Switch to new keys ...
DEB [20181005-19:26:03.664] thr=8   paramiko.transport: Adding ssh-ed25519 host key for 192.168.144.113: b'7c89f5b51410e05981c9321218411d2d'
DEB [20181005-19:26:03.710] thr=17  paramiko.transport: userauth is OK
INF [20181005-19:26:03.771] thr=17  paramiko.transport: Authentication (password) successful!
DEB [20181005-19:26:03.773] thr=8   paramiko.transport: [chan 0] Max packet in: 32768 bytes
DEB [20181005-19:26:04.377] thr=17  paramiko.transport: [chan 0] Max packet out: 32768 bytes
DEB [20181005-19:26:04.378] thr=17  paramiko.transport: Secsh channel 0 opened.
DEB [20181005-19:26:04.386] thr=17  paramiko.transport: [chan 0] Sesch channel 0 request ok
DEB [20181005-19:26:04.415] thr=17  paramiko.transport: [chan 0] EOF received (0)
DEB [20181005-19:26:04.417] thr=17  paramiko.transport: [chan 0] EOF sent (0)
DEB [20181005-19:39:29.355] thr=15  paramiko.transport: EOF in transport thread
DEB [20181005-19:39:29.356] thr=16  paramiko.transport: EOF in transport thread
